============================================================
AI书籍生成器日志 - 2026-03-26 05:33:34
============================================================

[05:33:34] [INFO] 日志文件: logs\book_generator_20260326_053334.log

【步骤 1/6】选择输入文件
----------------------------------------
[05:33:34] [INFO] 文件信息:
[05:33:34] [INFO]   路径: test01.txt
[05:33:34] [INFO]   大小: 29.89 KB
[05:33:34] [INFO]   编码: utf-8
[05:33:34] [INFO]   字符数: 11,084
[05:33:34] [INFO]   行数: 412
[05:33:34] [INFO]   估算字数: 8,185
[05:33:34] [INFO]   预估阅读时间: 27 分钟
[05:33:34] [INFO] 正在读取文件内容...
[05:33:34] [INFO] 读取完成，共 11,084 字符

【步骤 2/6】验证API配置
----------------------------------------
[05:33:34] [INFO] API密钥: 7fb7e1ad...3439
[05:33:34] [INFO] 模型: doubao-seed-1-8-251228
[05:33:34] [INFO] 基础URL: https://ark.cn-beijing.volces.com/api/v3
[05:33:34] [INFO] 正在测试API连接...
[05:33:38] [INFO] API连接测试成功！

【步骤 3/6】分析文件内容
----------------------------------------

==================================================
【步骤3/6】全文阅读与分析
==================================================

[05:33:38] [INFO] 原始文本总长度: 11,084 字符
[05:33:38] [INFO] 重要：现在将分批投喂全文给AI，确保其完整理解原始素材
[05:33:38] [INFO] 这可能需要一些时间，请耐心等待...

==================================================
全文分析完成！
==================================================

[05:35:42] [INFO] 分析结果:
[05:35:42] [INFO]   主要主题: 38岁中国男性2021-2024年修行感悟日志，聚焦灵识本质、高维修行与实相证悟
[05:35:42] [INFO]   内容摘要: 这份日志记录了38岁中国男性2021-2024年12月的修行进阶：从初期静坐体感，到确立“灵识为生命本质、人体为载体”的核心认知；2024年10-12月实现深度突破，梳理窍位理论、进入“融于一体”定境、达无漏状态，内观周天机制，元神觉醒感知先天一炁，深定中体验极乐并反思“心”的本质。全程融合佛道概念...
[05:35:42] [INFO]   关键要点:
[05:35:42] [INFO]     - 生命本质：灵识是四维生命核心，人体为临时载体，地球是灵魂“新手村”，世界是算法幻境
[05:35:42] [INFO]     - 修行核心：以破我执、证无我为方向，心念不起为坐、自性不动为禅，觉知梦觉可入道
[05:35:42] [INFO]     - 进阶突破：2024年10-12月梳理窍位理论，进入“融于一体”定境，漏丹后达持续无漏状态
[05:35:42] [INFO]     - 元神与炁：元神觉醒后感知先天一炁多属性，内观到前列腺为核心的周天运行机制
[05:35:42] [INFO]     - 实相证悟：深定中体验持续极乐，反思到追逐快乐是循环，心停止运作则化为极乐
[05:35:42] [INFO]   涉及人物/群体: 38岁中国男性修行者（曾用名/昵称：叶俊、叶峻伊、七祖、丑丑等）
[05:35:42] [INFO] AI已完成全文阅读，现在可以基于完整理解生成书籍

【步骤 4/6】生成书籍大纲
----------------------------------------

==================================================
【步骤4/6】生成书籍大纲
==================================================

[05:35:42] [INFO] 生成配置:
[05:35:42] [INFO]   章节数: 15章
[05:35:42] [INFO]   每章字数: 约35,000字
[05:35:42] [INFO]   原文总字数: 11,084字
