============================================================
AI书籍生成器日志 - 2026-03-26 05:24:48
============================================================

[05:24:48] [INFO] 日志文件: logs\book_generator_20260326_052448.log

【步骤 1/6】选择输入文件
----------------------------------------
[05:24:55] [INFO] 文件信息:
[05:24:55] [INFO]   路径: test01.txt
[05:24:55] [INFO]   大小: 29.89 KB
[05:24:55] [INFO]   编码: utf-8
[05:24:55] [INFO]   字符数: 11,084
[05:24:55] [INFO]   行数: 412
[05:24:55] [INFO]   估算字数: 8,185
[05:24:55] [INFO]   预估阅读时间: 27 分钟
[05:24:55] [INFO] 正在读取文件内容...
[05:24:55] [INFO] 读取完成，共 11,084 字符

【步骤 2/6】验证API配置
----------------------------------------
[05:24:55] [INFO] API密钥: 7fb7e1ad...3439
[05:24:55] [INFO] 模型: doubao-seed-1-8-251228
[05:24:55] [INFO] 基础URL: https://ark.cn-beijing.volces.com/api/v3
[05:24:55] [INFO] 正在测试API连接...
[05:24:59] [INFO] API连接测试成功！

【步骤 3/6】分析文件内容
----------------------------------------

==================================================
【步骤3/6】全文阅读与分析
==================================================

[05:24:59] [INFO] 原始文本总长度: 11,084 字符
[05:24:59] [INFO] 重要：现在将分批投喂全文给AI，确保其完整理解原始素材
[05:24:59] [INFO] 这可能需要一些时间，请耐心等待...

==================================================
全文分析完成！
==================================================

[05:26:49] [INFO] 分析结果:
[05:26:49] [INFO]   主要主题: 38岁中国修行者2021-2024.12修行日志，记录实证与生命、世界本质思考
[05:26:49] [INFO]   内容摘要: 这份日志是38岁中国修行者2021年8月至2024年12月的修行实录，完整展现其从实证到深化认知的心路历程。涵盖前期打坐干扰、濒死恐惧突破等体验，新增2024年10月窍位梳理、感官情绪弱化及出定禁忌，11月漏丹后无漏周天运行的内观发现，12月元神觉醒后的深定极乐体验。核心观点融合世界幻象论、破执证悟...
[05:26:49] [INFO]   关键要点:
[05:26:49] [INFO]     - 记录2021-2024.12的打坐实证、意识探索等关键修行体验，含新增的梦中坐禅、元神觉醒等内容
[05:26:49] [INFO]     - 详解灵关、祖窍及三丹田等窍位细节，明确出定禁忌——不可叫曾用名3次，否则打断定境
[05:26:49] [INFO]     - 提出“心念不起为坐，自性不动为禅”等新修行法则，及“因觉知生，因梦知死”的生死认知
[05:26:49] [INFO]     - 深化身体运行认知，明确先天一炁、元神属性，及周天运行中前列腺、会阴等部位的功能分工
[05:26:49] [INFO]     - 保留世界是算法幻象、地球为灵魂“新手村”等核心观点，强调破我执证悟实相的重要性
[05:26:49] [INFO]   涉及人物/群体: 38岁中国修行者（曾用名叶俊、叶峻伊、七祖、丑丑等，现禁用所有曾用名）
[05:26:49] [INFO] AI已完成全文阅读，现在可以基于完整理解生成书籍

【步骤 4/6】生成书籍大纲
----------------------------------------

==================================================
【步骤4/6】生成书籍大纲
==================================================

[05:26:49] [INFO] 生成配置:
[05:26:49] [INFO]   章节数: 15章
[05:26:49] [INFO]   每章字数: 约35,000字
[05:26:49] [INFO]   原文总字数: 11,084字
[05:26:58] [INFO] 用户选择: 2
[05:27:00] [INFO] 用户设置章节数: 6
[05:27:04] [INFO] 用户设置每章字数: 1000
[05:27:04] [INFO] 正在生成大纲...
[05:27:04] [INFO] 开始生成大纲: 6章, 每章约1000字
[05:27:04] [INFO] 预计总字数: 6000
[05:27:04] [INFO] 正在调用AI生成三级目录结构(章-节-小节)，这可能需要3-5分钟...
[05:27:04] [INFO] 发送请求到豆包API...
