============================================================
AI书籍生成器日志 - 2026-03-26 05:06:36
============================================================

[05:06:36] [INFO] 日志文件: logs\book_generator_20260326_050636.log

【步骤 1/6】选择输入文件
----------------------------------------

【步骤 2/6】验证API配置
----------------------------------------

【步骤 3/6】分析文件内容
----------------------------------------

【步骤 4/6】生成书籍大纲
----------------------------------------
[05:11:51] [INFO] 开始生成大纲: 8章, 每章约5000字
[05:11:51] [INFO] 预计总字数: 40000
[05:11:51] [INFO] 正在调用AI生成三级目录结构(章-节-小节)，这可能需要3-5分钟...
[05:11:51] [INFO] 发送请求到豆包API...
[05:13:46] [INFO] 大纲生成完成！
[05:13:46] [INFO] 书名: 重构之作

【步骤 5/6】生成章节内容
----------------------------------------
