============================================================
AI书籍生成器日志 - 2026-03-26 05:31:56
============================================================

[05:31:56] [INFO] 日志文件: logs\book_generator_20260326_053156.log

【步骤 1/6】选择输入文件
----------------------------------------
[05:32:03] [INFO] 文件信息:
[05:32:03] [INFO]   路径: test01.txt
[05:32:03] [INFO]   大小: 29.89 KB
[05:32:03] [INFO]   编码: utf-8
[05:32:03] [INFO]   字符数: 11,084
[05:32:03] [INFO]   行数: 412
[05:32:03] [INFO]   估算字数: 8,185
[05:32:03] [INFO]   预估阅读时间: 27 分钟
[05:32:03] [INFO] 正在读取文件内容...
[05:32:03] [INFO] 读取完成，共 11,084 字符

【步骤 2/6】验证API配置
----------------------------------------
[05:32:03] [INFO] API密钥: 7fb7e1ad...3439
[05:32:03] [INFO] 模型: doubao-seed-1-8-251228
[05:32:03] [INFO] 基础URL: https://ark.cn-beijing.volces.com/api/v3
[05:32:03] [INFO] 正在测试API连接...
[05:32:07] [INFO] API连接测试成功！

【步骤 3/6】分析文件内容
----------------------------------------

==================================================
【步骤3/6】全文阅读与分析
==================================================

[05:32:07] [INFO] 原始文本总长度: 11,084 字符
[05:32:07] [INFO] 重要：现在将分批投喂全文给AI，确保其完整理解原始素材
[05:32:07] [INFO] 这可能需要一些时间，请耐心等待...
