============================================================
AI书籍生成器日志 - 2026-03-26 05:37:54
============================================================

[05:37:54] [INFO] 日志文件: logs\book_generator_20260326_053754.log

【步骤 1/6】选择输入文件
----------------------------------------
[05:37:54] [INFO] 文件信息:
[05:37:54] [INFO]   路径: test01.txt
[05:37:54] [INFO]   大小: 29.89 KB
[05:37:54] [INFO]   编码: utf-8
[05:37:54] [INFO]   字符数: 11,084
[05:37:54] [INFO]   行数: 412
[05:37:54] [INFO]   估算字数: 8,185
[05:37:54] [INFO]   预估阅读时间: 27 分钟
[05:37:54] [INFO] 正在读取文件内容...
[05:37:54] [INFO] 读取完成，共 11,084 字符

【步骤 2/6】验证API配置
----------------------------------------
[05:37:54] [INFO] API密钥: 7fb7e1ad...3439
[05:37:54] [INFO] 模型: doubao-seed-1-8-251228
[05:37:54] [INFO] 基础URL: https://ark.cn-beijing.volces.com/api/v3
[05:37:54] [INFO] 正在测试API连接...
[05:37:58] [INFO] API连接测试成功！

【步骤 3/6】分析文件内容
----------------------------------------

==================================================
【步骤3/6】全文阅读与分析
==================================================

[05:37:58] [INFO] 原始文本总长度: 11,084 字符
[05:37:58] [INFO] 重要：现在将分批投喂全文给AI，确保其完整理解原始素材
[05:37:58] [INFO] 这可能需要一些时间，请耐心等待...

==================================================
全文分析完成！
==================================================

[05:39:35] [INFO] 分析结果:
[05:39:35] [INFO]   主要主题: 38岁中国男性2021-2024年修行探索全记录：从困惑到证悟的进阶轨迹
[05:39:35] [INFO]   内容摘要: 该日志完整记录了一位38岁中国男性2021至2024年的修行进阶历程：早期打坐受杂念干扰，中期构建“灵识-载体-地球新手村”认知框架，反思我执；2024年进入深化突破阶段，经历神识唤醒、胎息体验，解析修行关键部位与法则，感知本源、达无漏状态，完善核心认知并记录入定禁忌，清晰呈现从困惑到证悟的成长路径...
[05:39:35] [INFO]   关键要点:
[05:39:35] [INFO]     - 完整呈现2021-2024年从入门困惑到深化证悟的修行进阶轨迹
[05:39:35] [INFO]     - 构建“灵识-载体-地球新手村”等独特修行认知体系
[05:39:35] [INFO]     - 记录胎息、梦中坐禅、无漏状态、周天运行等关键修行体验
[05:39:35] [INFO]     - 提出“心念不起为坐、自性不动为禅”等法则及入定禁忌
[05:39:35] [INFO]     - 阐释修行破我执、证无我、主动回归本源的核心证悟
[05:39:35] [INFO]   涉及人物/群体: 38岁进行修行探索的中国男性
[05:39:35] [INFO] AI已完成全文阅读，现在可以基于完整理解生成书籍

【步骤 4/6】生成书籍大纲
----------------------------------------

==================================================
【步骤4/6】生成书籍大纲
==================================================

[05:39:35] [INFO] 生成配置:
[05:39:35] [INFO]   章节数: 15章
[05:39:35] [INFO]   每章字数: 约35,000字
[05:39:35] [INFO]   原文总字数: 11,084字
[05:39:35] [INFO] 自动模式：使用默认配置
[05:39:35] [INFO] 正在生成大纲...
[05:39:35] [INFO] 开始生成大纲: 15章, 每章约35000字
[05:39:35] [INFO] 预计总字数: 525000
[05:39:35] [INFO] 正在调用AI生成三级目录结构(章-节-小节)，这可能需要3-5分钟...
[05:39:35] [INFO] 发送请求到豆包API...
